<?xml version="1.0" encoding="UTF-8"?>
<testsuite name="agh.ics.oop.MapDirectionTest" tests="2" skipped="0" failures="0" errors="0" timestamp="2022-10-18T22:01:46" hostname="LAPTOP-VCM9J2OL" time="0.043">
  <properties/>
  <testcase name="previousTest()" classname="agh.ics.oop.MapDirectionTest" time="0.041"/>
  <testcase name="nextTest()" classname="agh.ics.oop.MapDirectionTest" time="0.001"/>
  <system-out><![CDATA[]]></system-out>
  <system-err><![CDATA[]]></system-err>
</testsuite>
